0 info it worked if it ends with ok
1 verbose cli [ 'node', '/usr/local/bin/npm', 'install', '-g', 'coffee-script' ]
2 info using npm@1.4.21
3 info using node@v0.10.30
4 verbose cache add [ 'coffee-script', null ]
5 verbose cache add name=undefined spec="coffee-script" args=["coffee-script",null]
6 verbose parsed url { protocol: null,
6 verbose parsed url   slashes: null,
6 verbose parsed url   auth: null,
6 verbose parsed url   host: null,
6 verbose parsed url   port: null,
6 verbose parsed url   hostname: null,
6 verbose parsed url   hash: null,
6 verbose parsed url   search: null,
6 verbose parsed url   query: null,
6 verbose parsed url   pathname: 'coffee-script',
6 verbose parsed url   path: 'coffee-script',
6 verbose parsed url   href: 'coffee-script' }
7 silly lockFile ab358269-coffee-script coffee-script
8 verbose lock coffee-script /Users/sjensen/.npm/ab358269-coffee-script.lock
9 silly lockFile ab358269-coffee-script coffee-script
10 silly lockFile ab358269-coffee-script coffee-script
11 verbose addNamed [ 'coffee-script', '' ]
12 verbose addNamed [ null, '*' ]
13 silly lockFile 53951495-coffee-script coffee-script@
14 verbose lock coffee-script@ /Users/sjensen/.npm/53951495-coffee-script.lock
15 silly addNameRange { name: 'coffee-script', range: '*', hasData: false }
16 verbose request where is /coffee-script
17 verbose request registry https://registry.npmjs.org/
18 verbose request id a7fa72e9cb460175
19 verbose url raw /coffee-script
20 verbose url resolving [ 'https://registry.npmjs.org/', './coffee-script' ]
21 verbose url resolved https://registry.npmjs.org/coffee-script
22 verbose request where is https://registry.npmjs.org/coffee-script
23 info trying registry request attempt 1 at 14:49:42
24 verbose etag "C3ZTBO8W0UEURQJ131CMXKW44"
25 http GET https://registry.npmjs.org/coffee-script
26 http 200 https://registry.npmjs.org/coffee-script
27 silly registry.get cb [ 200,
27 silly registry.get   { date: 'Fri, 12 Sep 2014 19:49:42 GMT',
27 silly registry.get     server: 'CouchDB/1.5.0 (Erlang OTP/R16B03)',
27 silly registry.get     etag: '"2IKE9805S9KOY98R3LJG1ERH1"',
27 silly registry.get     'content-type': 'application/json',
27 silly registry.get     'cache-control': 'max-age=60',
27 silly registry.get     'content-length': '32304',
27 silly registry.get     'accept-ranges': 'bytes',
27 silly registry.get     via: '1.1 varnish',
27 silly registry.get     age: '2232',
27 silly registry.get     'x-served-by': 'cache-ord1721-ORD',
27 silly registry.get     'x-cache': 'HIT',
27 silly registry.get     'x-cache-hits': '1',
27 silly registry.get     'x-timer': 'S1410551382.387754,VS0,VE0',
27 silly registry.get     vary: 'Accept',
27 silly registry.get     'keep-alive': 'timeout=10, max=50',
27 silly registry.get     connection: 'Keep-Alive' } ]
28 silly addNameRange number 2 { name: 'coffee-script', range: '*', hasData: true }
29 silly addNameRange versions [ 'coffee-script',
29 silly addNameRange   [ '0.7.0',
29 silly addNameRange     '0.7.1',
29 silly addNameRange     '0.7.2',
29 silly addNameRange     '0.9.0',
29 silly addNameRange     '0.9.1',
29 silly addNameRange     '0.9.2',
29 silly addNameRange     '0.9.3',
29 silly addNameRange     '0.9.4',
29 silly addNameRange     '0.9.5',
29 silly addNameRange     '0.9.6',
29 silly addNameRange     '1.0.0',
29 silly addNameRange     '1.0.1',
29 silly addNameRange     '1.1.0',
29 silly addNameRange     '1.1.1',
29 silly addNameRange     '1.1.2',
29 silly addNameRange     '1.1.3',
29 silly addNameRange     '1.2.0',
29 silly addNameRange     '1.3.0',
29 silly addNameRange     '1.3.1',
29 silly addNameRange     '1.3.2',
29 silly addNameRange     '1.3.3',
29 silly addNameRange     '1.4.0',
29 silly addNameRange     '1.5.0',
29 silly addNameRange     '1.6.0',
29 silly addNameRange     '1.6.1',
29 silly addNameRange     '1.6.2',
29 silly addNameRange     '1.6.3',
29 silly addNameRange     '1.7.0',
29 silly addNameRange     '1.7.1',
29 silly addNameRange     '1.8.0' ] ]
30 verbose addNamed [ 'coffee-script', '1.8.0' ]
31 verbose addNamed [ '1.8.0', '1.8.0' ]
32 silly lockFile d0d79082-coffee-script-1-8-0 coffee-script@1.8.0
33 verbose lock coffee-script@1.8.0 /Users/sjensen/.npm/d0d79082-coffee-script-1-8-0.lock
34 silly lockFile ca39aec5-e-script-coffee-script-1-8-0-tgz https://registry.npmjs.org/coffee-script/-/coffee-script-1.8.0.tgz
35 verbose lock https://registry.npmjs.org/coffee-script/-/coffee-script-1.8.0.tgz /Users/sjensen/.npm/ca39aec5-e-script-coffee-script-1-8-0-tgz.lock
36 verbose addRemoteTarball [ 'https://registry.npmjs.org/coffee-script/-/coffee-script-1.8.0.tgz',
36 verbose addRemoteTarball   '9c9f1d2b4a52a000ded15b659791703648263c1d' ]
37 info retry fetch attempt 1 at 14:49:42
38 verbose fetch to= /var/folders/gx/8d2_l6ld5ks49nmflh38bzn80000gn/T/npm-16851-4wm52rvZ/registry.npmjs.org/coffee-script/-/coffee-script-1.8.0.tgz
39 http GET https://registry.npmjs.org/coffee-script/-/coffee-script-1.8.0.tgz
40 http 200 https://registry.npmjs.org/coffee-script/-/coffee-script-1.8.0.tgz
41 silly lockFile ca39aec5-e-script-coffee-script-1-8-0-tgz https://registry.npmjs.org/coffee-script/-/coffee-script-1.8.0.tgz
42 silly lockFile ca39aec5-e-script-coffee-script-1-8-0-tgz https://registry.npmjs.org/coffee-script/-/coffee-script-1.8.0.tgz
43 silly lockFile d0d79082-coffee-script-1-8-0 coffee-script@1.8.0
44 silly lockFile d0d79082-coffee-script-1-8-0 coffee-script@1.8.0
45 silly lockFile 53951495-coffee-script coffee-script@
46 silly lockFile 53951495-coffee-script coffee-script@
47 silly resolved [ { name: 'coffee-script',
47 silly resolved     description: 'Unfancy JavaScript',
47 silly resolved     keywords: [ 'javascript', 'language', 'coffeescript', 'compiler' ],
47 silly resolved     author: { name: 'Jeremy Ashkenas' },
47 silly resolved     version: '1.8.0',
47 silly resolved     license: 'MIT',
47 silly resolved     engines: { node: '>=0.8.0' },
47 silly resolved     directories: { lib: './lib/coffee-script' },
47 silly resolved     main: './lib/coffee-script/coffee-script',
47 silly resolved     bin: { coffee: './bin/coffee', cake: './bin/cake' },
47 silly resolved     preferGlobal: true,
47 silly resolved     scripts: { test: 'node ./bin/cake test' },
47 silly resolved     homepage: 'http://coffeescript.org',
47 silly resolved     bugs: { url: 'https://github.com/jashkenas/coffeescript/issues' },
47 silly resolved     repository:
47 silly resolved      { type: 'git',
47 silly resolved        url: 'git://github.com/jashkenas/coffeescript.git' },
47 silly resolved     devDependencies:
47 silly resolved      { 'uglify-js': '~2.2',
47 silly resolved        jison: '>=0.2.0',
47 silly resolved        'highlight.js': '~8.0.0',
47 silly resolved        underscore: '~1.5.2',
47 silly resolved        docco: '~0.6.2' },
47 silly resolved     dependencies: { mkdirp: '~0.3.5' },
47 silly resolved     _id: 'coffee-script@1.8.0',
47 silly resolved     dist:
47 silly resolved      { shasum: '9c9f1d2b4a52a000ded15b659791703648263c1d',
47 silly resolved        tarball: 'http://registry.npmjs.org/coffee-script/-/coffee-script-1.8.0.tgz' },
47 silly resolved     _from: 'coffee-script@',
47 silly resolved     _npmVersion: '1.3.21',
47 silly resolved     _npmUser: { name: 'jashkenas', email: 'jashkenas@gmail.com' },
47 silly resolved     maintainers: [ [Object], [Object] ],
47 silly resolved     _shasum: '9c9f1d2b4a52a000ded15b659791703648263c1d',
47 silly resolved     _resolved: 'https://registry.npmjs.org/coffee-script/-/coffee-script-1.8.0.tgz' } ]
48 info install coffee-script@1.8.0 into /usr/local/lib
49 info installOne coffee-script@1.8.0
50 verbose lib/node_modules/coffee-script unbuild
51 info preuninstall coffee-script@1.7.1
52 info uninstall coffee-script@1.7.1
53 verbose true,/usr/local/lib/node_modules,/usr/local/lib/node_modules unbuild coffee-script@1.7.1
54 verbose /usr/local/bin,[object Object] binRoot
55 info postuninstall coffee-script@1.7.1
56 verbose lib/node_modules/coffee-script unbuild
57 info preuninstall coffee-script@1.7.1
58 info uninstall coffee-script@1.7.1
59 verbose true,/usr/local/lib/node_modules,/usr/local/lib/node_modules unbuild coffee-script@1.7.1
60 verbose /usr/local/bin,[object Object] binRoot
61 info postuninstall coffee-script@1.7.1
62 error error rolling back Error: EACCES, unlink '/usr/local/lib/node_modules/coffee-script/.npmignore'
62 error error rolling back  coffee-script@1.8.0 { [Error: EACCES, unlink '/usr/local/lib/node_modules/coffee-script/.npmignore']
62 error error rolling back   errno: 3,
62 error error rolling back   code: 'EACCES',
62 error error rolling back   path: '/usr/local/lib/node_modules/coffee-script/.npmignore' }
63 error Error: EACCES, unlink '/usr/local/lib/node_modules/coffee-script/.npmignore'
63 error  { [Error: EACCES, unlink '/usr/local/lib/node_modules/coffee-script/.npmignore']
63 error   errno: 3,
63 error   code: 'EACCES',
63 error   path: '/usr/local/lib/node_modules/coffee-script/.npmignore' }
64 error Please try running this command again as root/Administrator.
65 error System Darwin 14.0.0
66 error command "node" "/usr/local/bin/npm" "install" "-g" "coffee-script"
67 error cwd /Users/sjensen/rails_vasp
68 error node -v v0.10.30
69 error npm -v 1.4.21
70 error path /usr/local/lib/node_modules/coffee-script/.npmignore
71 error code EACCES
72 error errno 3
73 error stack Error: EACCES, unlink '/usr/local/lib/node_modules/coffee-script/.npmignore'
74 verbose exit [ 3, true ]
